<?xml version="1.0" encoding="UTF-8"?>
<testsuite xmlns:xsi="http://www.w3.org/2001/XMLSchema-instance" xsi:noNamespaceSchemaLocation="https://maven.apache.org/surefire/maven-surefire-plugin/xsd/surefire-test-report.xsd" version="3.0.2" name="com.graphql.dataloader.dataloaderdemo.DataloaderdemoApplicationTests" time="0.716" tests="1" errors="0" skipped="0" failures="0">
  <properties>
    <property name="java.specification.version" value="21"/>
    <property name="sun.jnu.encoding" value="UTF-8"/>
    <property name="java.class.path" value="/home/shane/repo/spring_kickstart/GraphSpringInitializer/target/test-classes:/home/shane/repo/spring_kickstart/GraphSpringInitializer/target/classes:/home/shane/.m2/repository/org/springframework/boot/spring-boot-starter-graphql/4.0.0-SNAPSHOT/spring-boot-starter-graphql-4.0.0-SNAPSHOT.jar:/home/shane/.m2/repository/org/springframework/boot/spring-boot-graphql/4.0.0-SNAPSHOT/spring-boot-graphql-4.0.0-SNAPSHOT.jar:/home/shane/.m2/repository/org/springframework/boot/spring-boot-jackson/4.0.0-SNAPSHOT/spring-boot-jackson-4.0.0-SNAPSHOT.jar:/home/shane/.m2/repository/org/springframework/boot/spring-boot-starter/4.0.0-SNAPSHOT/spring-boot-starter-4.0.0-SNAPSHOT.jar:/home/shane/.m2/repository/org/springframework/boot/spring-boot-starter-logging/4.0.0-SNAPSHOT/spring-boot-starter-logging-4.0.0-SNAPSHOT.jar:/home/shane/.m2/repository/ch/qos/logback/logback-classic/1.5.18/logback-classic-1.5.18.jar:/home/shane/.m2/repository/ch/qos/logback/logback-core/1.5.18/logback-core-1.5.18.jar:/home/shane/.m2/repository/org/apache/logging/log4j/log4j-to-slf4j/2.24.3/log4j-to-slf4j-2.24.3.jar:/home/shane/.m2/repository/org/apache/logging/log4j/log4j-api/2.24.3/log4j-api-2.24.3.jar:/home/shane/.m2/repository/org/slf4j/jul-to-slf4j/2.0.17/jul-to-slf4j-2.0.17.jar:/home/shane/.m2/repository/jakarta/annotation/jakarta.annotation-api/3.0.0/jakarta.annotation-api-3.0.0.jar:/home/shane/.m2/repository/org/yaml/snakeyaml/2.4/snakeyaml-2.4.jar:/home/shane/.m2/repository/org/springframework/boot/spring-boot-starter-json/4.0.0-SNAPSHOT/spring-boot-starter-json-4.0.0-SNAPSHOT.jar:/home/shane/.m2/repository/org/springframework/spring-web/7.0.0-M7/spring-web-7.0.0-M7.jar:/home/shane/.m2/repository/com/fasterxml/jackson/datatype/jackson-datatype-jdk8/2.19.1/jackson-datatype-jdk8-2.19.1.jar:/home/shane/.m2/repository/com/fasterxml/jackson/datatype/jackson-datatype-jsr310/2.19.1/jackson-datatype-jsr310-2.19.1.jar:/home/shane/.m2/repository/org/springframework/boot/spring-boot-devtools/4.0.0-SNAPSHOT/spring-boot-devtools-4.0.0-SNAPSHOT.jar:/home/shane/.m2/repository/org/springframework/boot/spring-boot/4.0.0-SNAPSHOT/spring-boot-4.0.0-SNAPSHOT.jar:/home/shane/.m2/repository/org/springframework/boot/spring-boot-autoconfigure/4.0.0-SNAPSHOT/spring-boot-autoconfigure-4.0.0-SNAPSHOT.jar:/home/shane/.m2/repository/org/springframework/boot/spring-boot-docker-compose/4.0.0-SNAPSHOT/spring-boot-docker-compose-4.0.0-SNAPSHOT.jar:/home/shane/.m2/repository/com/fasterxml/jackson/core/jackson-databind/2.19.1/jackson-databind-2.19.1.jar:/home/shane/.m2/repository/com/fasterxml/jackson/core/jackson-annotations/2.19.1/jackson-annotations-2.19.1.jar:/home/shane/.m2/repository/com/fasterxml/jackson/core/jackson-core/2.19.1/jackson-core-2.19.1.jar:/home/shane/.m2/repository/com/fasterxml/jackson/module/jackson-module-parameter-names/2.19.1/jackson-module-parameter-names-2.19.1.jar:/home/shane/.m2/repository/org/projectlombok/lombok/1.18.38/lombok-1.18.38.jar:/home/shane/.m2/repository/org/springframework/boot/spring-boot-starter-test/4.0.0-SNAPSHOT/spring-boot-starter-test-4.0.0-SNAPSHOT.jar:/home/shane/.m2/repository/org/springframework/boot/spring-boot-test/4.0.0-SNAPSHOT/spring-boot-test-4.0.0-SNAPSHOT.jar:/home/shane/.m2/repository/org/springframework/boot/spring-boot-http-client/4.0.0-SNAPSHOT/spring-boot-http-client-4.0.0-SNAPSHOT.jar:/home/shane/.m2/repository/org/springframework/boot/spring-boot-http-codec/4.0.0-SNAPSHOT/spring-boot-http-codec-4.0.0-SNAPSHOT.jar:/home/shane/.m2/repository/org/springframework/boot/spring-boot-restclient/4.0.0-SNAPSHOT/spring-boot-restclient-4.0.0-SNAPSHOT.jar:/home/shane/.m2/repository/org/springframework/boot/spring-boot-restclient-test/4.0.0-SNAPSHOT/spring-boot-restclient-test-4.0.0-SNAPSHOT.jar:/home/shane/.m2/repository/org/springframework/boot/spring-boot-test-autoconfigure/4.0.0-SNAPSHOT/spring-boot-test-autoconfigure-4.0.0-SNAPSHOT.jar:/home/shane/.m2/repository/org/springframework/boot/spring-boot-web-server-test/4.0.0-SNAPSHOT/spring-boot-web-server-test-4.0.0-SNAPSHOT.jar:/home/shane/.m2/repository/org/springframework/boot/spring-boot-webclient/4.0.0-SNAPSHOT/spring-boot-webclient-4.0.0-SNAPSHOT.jar:/home/shane/.m2/repository/com/jayway/jsonpath/json-path/2.9.0/json-path-2.9.0.jar:/home/shane/.m2/repository/org/slf4j/slf4j-api/2.0.17/slf4j-api-2.0.17.jar:/home/shane/.m2/repository/jakarta/xml/bind/jakarta.xml.bind-api/4.0.2/jakarta.xml.bind-api-4.0.2.jar:/home/shane/.m2/repository/jakarta/activation/jakarta.activation-api/2.1.3/jakarta.activation-api-2.1.3.jar:/home/shane/.m2/repository/net/minidev/json-smart/2.5.2/json-smart-2.5.2.jar:/home/shane/.m2/repository/net/minidev/accessors-smart/2.5.2/accessors-smart-2.5.2.jar:/home/shane/.m2/repository/org/ow2/asm/asm/9.7.1/asm-9.7.1.jar:/home/shane/.m2/repository/org/assertj/assertj-core/3.27.3/assertj-core-3.27.3.jar:/home/shane/.m2/repository/net/bytebuddy/byte-buddy/1.17.6/byte-buddy-1.17.6.jar:/home/shane/.m2/repository/org/awaitility/awaitility/4.3.0/awaitility-4.3.0.jar:/home/shane/.m2/repository/org/hamcrest/hamcrest/3.0/hamcrest-3.0.jar:/home/shane/.m2/repository/org/junit/jupiter/junit-jupiter/5.13.3/junit-jupiter-5.13.3.jar:/home/shane/.m2/repository/org/junit/jupiter/junit-jupiter-api/5.13.3/junit-jupiter-api-5.13.3.jar:/home/shane/.m2/repository/org/opentest4j/opentest4j/1.3.0/opentest4j-1.3.0.jar:/home/shane/.m2/repository/org/junit/platform/junit-platform-commons/1.13.3/junit-platform-commons-1.13.3.jar:/home/shane/.m2/repository/org/apiguardian/apiguardian-api/1.1.2/apiguardian-api-1.1.2.jar:/home/shane/.m2/repository/org/junit/jupiter/junit-jupiter-params/5.13.3/junit-jupiter-params-5.13.3.jar:/home/shane/.m2/repository/org/junit/jupiter/junit-jupiter-engine/5.13.3/junit-jupiter-engine-5.13.3.jar:/home/shane/.m2/repository/org/junit/platform/junit-platform-engine/1.13.3/junit-platform-engine-1.13.3.jar:/home/shane/.m2/repository/org/mockito/mockito-core/5.18.0/mockito-core-5.18.0.jar:/home/shane/.m2/repository/net/bytebuddy/byte-buddy-agent/1.17.6/byte-buddy-agent-1.17.6.jar:/home/shane/.m2/repository/org/objenesis/objenesis/3.3/objenesis-3.3.jar:/home/shane/.m2/repository/org/mockito/mockito-junit-jupiter/5.18.0/mockito-junit-jupiter-5.18.0.jar:/home/shane/.m2/repository/org/skyscreamer/jsonassert/1.5.3/jsonassert-1.5.3.jar:/home/shane/.m2/repository/com/vaadin/external/google/android-json/0.0.20131108.vaadin1/android-json-0.0.20131108.vaadin1.jar:/home/shane/.m2/repository/org/springframework/spring-core/7.0.0-M7/spring-core-7.0.0-M7.jar:/home/shane/.m2/repository/commons-logging/commons-logging/1.3.5/commons-logging-1.3.5.jar:/home/shane/.m2/repository/org/jspecify/jspecify/1.0.0/jspecify-1.0.0.jar:/home/shane/.m2/repository/org/springframework/spring-test/7.0.0-M7/spring-test-7.0.0-M7.jar:/home/shane/.m2/repository/org/xmlunit/xmlunit-core/2.10.3/xmlunit-core-2.10.3.jar:/home/shane/.m2/repository/org/springframework/graphql/spring-graphql-test/2.0.0-SNAPSHOT/spring-graphql-test-2.0.0-SNAPSHOT.jar:/home/shane/.m2/repository/org/springframework/graphql/spring-graphql/2.0.0-SNAPSHOT/spring-graphql-2.0.0-SNAPSHOT.jar:/home/shane/.m2/repository/io/micrometer/context-propagation/1.1.3/context-propagation-1.1.3.jar:/home/shane/.m2/repository/com/graphql-java/graphql-java/24.1/graphql-java-24.1.jar:/home/shane/.m2/repository/com/graphql-java/java-dataloader/5.0.0/java-dataloader-5.0.0.jar:/home/shane/.m2/repository/org/reactivestreams/reactive-streams/1.0.4/reactive-streams-1.0.4.jar:/home/shane/.m2/repository/io/projectreactor/reactor-core/3.8.0-M5/reactor-core-3.8.0-M5.jar:/home/shane/.m2/repository/org/springframework/spring-context/7.0.0-M7/spring-context-7.0.0-M7.jar:/home/shane/.m2/repository/org/springframework/spring-aop/7.0.0-M7/spring-aop-7.0.0-M7.jar:/home/shane/.m2/repository/org/springframework/spring-beans/7.0.0-M7/spring-beans-7.0.0-M7.jar:/home/shane/.m2/repository/org/springframework/spring-expression/7.0.0-M7/spring-expression-7.0.0-M7.jar:/home/shane/.m2/repository/io/micrometer/micrometer-observation/1.16.0-M1/micrometer-observation-1.16.0-M1.jar:/home/shane/.m2/repository/io/micrometer/micrometer-commons/1.16.0-M1/micrometer-commons-1.16.0-M1.jar:"/>
    <property name="java.vm.vendor" value="Amazon.com Inc."/>
    <property name="sun.arch.data.model" value="64"/>
    <property name="java.vendor.url" value="https://aws.amazon.com/corretto/"/>
    <property name="user.timezone" value="America/Los_Angeles"/>
    <property name="os.name" value="Linux"/>
    <property name="java.vm.specification.version" value="21"/>
    <property name="APPLICATION_NAME" value="dataloaderdemo"/>
    <property name="sun.java.launcher" value="SUN_STANDARD"/>
    <property name="user.country" value="US"/>
    <property name="sun.boot.library.path" value="/home/shane/.sdkman/candidates/java/21.0.8-amzn/lib"/>
    <property name="sun.java.command" value="/home/shane/repo/spring_kickstart/GraphSpringInitializer/target/surefire/surefirebooter-20250721194722114_3.jar /home/shane/repo/spring_kickstart/GraphSpringInitializer/target/surefire 2025-07-21T19-47-20_957-jvmRun1 surefire-20250721194722114_1tmp surefire_0-20250721194722114_2tmp"/>
    <property name="jdk.debug" value="release"/>
    <property name="surefire.test.class.path" value="/home/shane/repo/spring_kickstart/GraphSpringInitializer/target/test-classes:/home/shane/repo/spring_kickstart/GraphSpringInitializer/target/classes:/home/shane/.m2/repository/org/springframework/boot/spring-boot-starter-graphql/4.0.0-SNAPSHOT/spring-boot-starter-graphql-4.0.0-SNAPSHOT.jar:/home/shane/.m2/repository/org/springframework/boot/spring-boot-graphql/4.0.0-SNAPSHOT/spring-boot-graphql-4.0.0-SNAPSHOT.jar:/home/shane/.m2/repository/org/springframework/boot/spring-boot-jackson/4.0.0-SNAPSHOT/spring-boot-jackson-4.0.0-SNAPSHOT.jar:/home/shane/.m2/repository/org/springframework/boot/spring-boot-starter/4.0.0-SNAPSHOT/spring-boot-starter-4.0.0-SNAPSHOT.jar:/home/shane/.m2/repository/org/springframework/boot/spring-boot-starter-logging/4.0.0-SNAPSHOT/spring-boot-starter-logging-4.0.0-SNAPSHOT.jar:/home/shane/.m2/repository/ch/qos/logback/logback-classic/1.5.18/logback-classic-1.5.18.jar:/home/shane/.m2/repository/ch/qos/logback/logback-core/1.5.18/logback-core-1.5.18.jar:/home/shane/.m2/repository/org/apache/logging/log4j/log4j-to-slf4j/2.24.3/log4j-to-slf4j-2.24.3.jar:/home/shane/.m2/repository/org/apache/logging/log4j/log4j-api/2.24.3/log4j-api-2.24.3.jar:/home/shane/.m2/repository/org/slf4j/jul-to-slf4j/2.0.17/jul-to-slf4j-2.0.17.jar:/home/shane/.m2/repository/jakarta/annotation/jakarta.annotation-api/3.0.0/jakarta.annotation-api-3.0.0.jar:/home/shane/.m2/repository/org/yaml/snakeyaml/2.4/snakeyaml-2.4.jar:/home/shane/.m2/repository/org/springframework/boot/spring-boot-starter-json/4.0.0-SNAPSHOT/spring-boot-starter-json-4.0.0-SNAPSHOT.jar:/home/shane/.m2/repository/org/springframework/spring-web/7.0.0-M7/spring-web-7.0.0-M7.jar:/home/shane/.m2/repository/com/fasterxml/jackson/datatype/jackson-datatype-jdk8/2.19.1/jackson-datatype-jdk8-2.19.1.jar:/home/shane/.m2/repository/com/fasterxml/jackson/datatype/jackson-datatype-jsr310/2.19.1/jackson-datatype-jsr310-2.19.1.jar:/home/shane/.m2/repository/org/springframework/boot/spring-boot-devtools/4.0.0-SNAPSHOT/spring-boot-devtools-4.0.0-SNAPSHOT.jar:/home/shane/.m2/repository/org/springframework/boot/spring-boot/4.0.0-SNAPSHOT/spring-boot-4.0.0-SNAPSHOT.jar:/home/shane/.m2/repository/org/springframework/boot/spring-boot-autoconfigure/4.0.0-SNAPSHOT/spring-boot-autoconfigure-4.0.0-SNAPSHOT.jar:/home/shane/.m2/repository/org/springframework/boot/spring-boot-docker-compose/4.0.0-SNAPSHOT/spring-boot-docker-compose-4.0.0-SNAPSHOT.jar:/home/shane/.m2/repository/com/fasterxml/jackson/core/jackson-databind/2.19.1/jackson-databind-2.19.1.jar:/home/shane/.m2/repository/com/fasterxml/jackson/core/jackson-annotations/2.19.1/jackson-annotations-2.19.1.jar:/home/shane/.m2/repository/com/fasterxml/jackson/core/jackson-core/2.19.1/jackson-core-2.19.1.jar:/home/shane/.m2/repository/com/fasterxml/jackson/module/jackson-module-parameter-names/2.19.1/jackson-module-parameter-names-2.19.1.jar:/home/shane/.m2/repository/org/projectlombok/lombok/1.18.38/lombok-1.18.38.jar:/home/shane/.m2/repository/org/springframework/boot/spring-boot-starter-test/4.0.0-SNAPSHOT/spring-boot-starter-test-4.0.0-SNAPSHOT.jar:/home/shane/.m2/repository/org/springframework/boot/spring-boot-test/4.0.0-SNAPSHOT/spring-boot-test-4.0.0-SNAPSHOT.jar:/home/shane/.m2/repository/org/springframework/boot/spring-boot-http-client/4.0.0-SNAPSHOT/spring-boot-http-client-4.0.0-SNAPSHOT.jar:/home/shane/.m2/repository/org/springframework/boot/spring-boot-http-codec/4.0.0-SNAPSHOT/spring-boot-http-codec-4.0.0-SNAPSHOT.jar:/home/shane/.m2/repository/org/springframework/boot/spring-boot-restclient/4.0.0-SNAPSHOT/spring-boot-restclient-4.0.0-SNAPSHOT.jar:/home/shane/.m2/repository/org/springframework/boot/spring-boot-restclient-test/4.0.0-SNAPSHOT/spring-boot-restclient-test-4.0.0-SNAPSHOT.jar:/home/shane/.m2/repository/org/springframework/boot/spring-boot-test-autoconfigure/4.0.0-SNAPSHOT/spring-boot-test-autoconfigure-4.0.0-SNAPSHOT.jar:/home/shane/.m2/repository/org/springframework/boot/spring-boot-web-server-test/4.0.0-SNAPSHOT/spring-boot-web-server-test-4.0.0-SNAPSHOT.jar:/home/shane/.m2/repository/org/springframework/boot/spring-boot-webclient/4.0.0-SNAPSHOT/spring-boot-webclient-4.0.0-SNAPSHOT.jar:/home/shane/.m2/repository/com/jayway/jsonpath/json-path/2.9.0/json-path-2.9.0.jar:/home/shane/.m2/repository/org/slf4j/slf4j-api/2.0.17/slf4j-api-2.0.17.jar:/home/shane/.m2/repository/jakarta/xml/bind/jakarta.xml.bind-api/4.0.2/jakarta.xml.bind-api-4.0.2.jar:/home/shane/.m2/repository/jakarta/activation/jakarta.activation-api/2.1.3/jakarta.activation-api-2.1.3.jar:/home/shane/.m2/repository/net/minidev/json-smart/2.5.2/json-smart-2.5.2.jar:/home/shane/.m2/repository/net/minidev/accessors-smart/2.5.2/accessors-smart-2.5.2.jar:/home/shane/.m2/repository/org/ow2/asm/asm/9.7.1/asm-9.7.1.jar:/home/shane/.m2/repository/org/assertj/assertj-core/3.27.3/assertj-core-3.27.3.jar:/home/shane/.m2/repository/net/bytebuddy/byte-buddy/1.17.6/byte-buddy-1.17.6.jar:/home/shane/.m2/repository/org/awaitility/awaitility/4.3.0/awaitility-4.3.0.jar:/home/shane/.m2/repository/org/hamcrest/hamcrest/3.0/hamcrest-3.0.jar:/home/shane/.m2/repository/org/junit/jupiter/junit-jupiter/5.13.3/junit-jupiter-5.13.3.jar:/home/shane/.m2/repository/org/junit/jupiter/junit-jupiter-api/5.13.3/junit-jupiter-api-5.13.3.jar:/home/shane/.m2/repository/org/opentest4j/opentest4j/1.3.0/opentest4j-1.3.0.jar:/home/shane/.m2/repository/org/junit/platform/junit-platform-commons/1.13.3/junit-platform-commons-1.13.3.jar:/home/shane/.m2/repository/org/apiguardian/apiguardian-api/1.1.2/apiguardian-api-1.1.2.jar:/home/shane/.m2/repository/org/junit/jupiter/junit-jupiter-params/5.13.3/junit-jupiter-params-5.13.3.jar:/home/shane/.m2/repository/org/junit/jupiter/junit-jupiter-engine/5.13.3/junit-jupiter-engine-5.13.3.jar:/home/shane/.m2/repository/org/junit/platform/junit-platform-engine/1.13.3/junit-platform-engine-1.13.3.jar:/home/shane/.m2/repository/org/mockito/mockito-core/5.18.0/mockito-core-5.18.0.jar:/home/shane/.m2/repository/net/bytebuddy/byte-buddy-agent/1.17.6/byte-buddy-agent-1.17.6.jar:/home/shane/.m2/repository/org/objenesis/objenesis/3.3/objenesis-3.3.jar:/home/shane/.m2/repository/org/mockito/mockito-junit-jupiter/5.18.0/mockito-junit-jupiter-5.18.0.jar:/home/shane/.m2/repository/org/skyscreamer/jsonassert/1.5.3/jsonassert-1.5.3.jar:/home/shane/.m2/repository/com/vaadin/external/google/android-json/0.0.20131108.vaadin1/android-json-0.0.20131108.vaadin1.jar:/home/shane/.m2/repository/org/springframework/spring-core/7.0.0-M7/spring-core-7.0.0-M7.jar:/home/shane/.m2/repository/commons-logging/commons-logging/1.3.5/commons-logging-1.3.5.jar:/home/shane/.m2/repository/org/jspecify/jspecify/1.0.0/jspecify-1.0.0.jar:/home/shane/.m2/repository/org/springframework/spring-test/7.0.0-M7/spring-test-7.0.0-M7.jar:/home/shane/.m2/repository/org/xmlunit/xmlunit-core/2.10.3/xmlunit-core-2.10.3.jar:/home/shane/.m2/repository/org/springframework/graphql/spring-graphql-test/2.0.0-SNAPSHOT/spring-graphql-test-2.0.0-SNAPSHOT.jar:/home/shane/.m2/repository/org/springframework/graphql/spring-graphql/2.0.0-SNAPSHOT/spring-graphql-2.0.0-SNAPSHOT.jar:/home/shane/.m2/repository/io/micrometer/context-propagation/1.1.3/context-propagation-1.1.3.jar:/home/shane/.m2/repository/com/graphql-java/graphql-java/24.1/graphql-java-24.1.jar:/home/shane/.m2/repository/com/graphql-java/java-dataloader/5.0.0/java-dataloader-5.0.0.jar:/home/shane/.m2/repository/org/reactivestreams/reactive-streams/1.0.4/reactive-streams-1.0.4.jar:/home/shane/.m2/repository/io/projectreactor/reactor-core/3.8.0-M5/reactor-core-3.8.0-M5.jar:/home/shane/.m2/repository/org/springframework/spring-context/7.0.0-M7/spring-context-7.0.0-M7.jar:/home/shane/.m2/repository/org/springframework/spring-aop/7.0.0-M7/spring-aop-7.0.0-M7.jar:/home/shane/.m2/repository/org/springframework/spring-beans/7.0.0-M7/spring-beans-7.0.0-M7.jar:/home/shane/.m2/repository/org/springframework/spring-expression/7.0.0-M7/spring-expression-7.0.0-M7.jar:/home/shane/.m2/repository/io/micrometer/micrometer-observation/1.16.0-M1/micrometer-observation-1.16.0-M1.jar:/home/shane/.m2/repository/io/micrometer/micrometer-commons/1.16.0-M1/micrometer-commons-1.16.0-M1.jar:"/>
    <property name="sun.cpu.endian" value="little"/>
    <property name="user.home" value="/home/shane"/>
    <property name="user.language" value="en"/>
    <property name="java.specification.vendor" value="Oracle Corporation"/>
    <property name="java.version.date" value="2025-07-15"/>
    <property name="java.home" value="/home/shane/.sdkman/candidates/java/21.0.8-amzn"/>
    <property name="file.separator" value="/"/>
    <property name="basedir" value="/home/shane/repo/spring_kickstart/GraphSpringInitializer"/>
    <property name="java.vm.compressedOopsMode" value="Zero based"/>
    <property name="line.separator" value="&#10;"/>
    <property name="java.vm.specification.vendor" value="Oracle Corporation"/>
    <property name="java.specification.name" value="Java Platform API Specification"/>
    <property name="FILE_LOG_CHARSET" value="UTF-8"/>
    <property name="java.awt.headless" value="true"/>
    <property name="surefire.real.class.path" value="/home/shane/repo/spring_kickstart/GraphSpringInitializer/target/surefire/surefirebooter-20250721194722114_3.jar"/>
    <property name="sun.management.compiler" value="HotSpot 64-Bit Tiered Compilers"/>
    <property name="java.runtime.version" value="21.0.8+9-LTS"/>
    <property name="user.name" value="shane"/>
    <property name="stdout.encoding" value="UTF-8"/>
    <property name="path.separator" value=":"/>
    <property name="os.version" value="6.14.0-24-generic"/>
    <property name="java.runtime.name" value="OpenJDK Runtime Environment"/>
    <property name="file.encoding" value="UTF-8"/>
    <property name="java.vm.name" value="OpenJDK 64-Bit Server VM"/>
    <property name="java.vendor.version" value="Corretto-21.0.8.9.1"/>
    <property name="localRepository" value="/home/shane/.m2/repository"/>
    <property name="java.vendor.url.bug" value="https://github.com/corretto/corretto-21/issues/"/>
    <property name="java.io.tmpdir" value="/tmp"/>
    <property name="java.version" value="21.0.8"/>
    <property name="user.dir" value="/home/shane/repo/spring_kickstart/GraphSpringInitializer"/>
    <property name="os.arch" value="amd64"/>
    <property name="java.vm.specification.name" value="Java Virtual Machine Specification"/>
    <property name="PID" value="11132"/>
    <property name="CONSOLE_LOG_CHARSET" value="UTF-8"/>
    <property name="native.encoding" value="UTF-8"/>
    <property name="java.library.path" value="/usr/java/packages/lib:/usr/lib64:/lib64:/lib:/usr/lib"/>
    <property name="java.vm.info" value="mixed mode, sharing"/>
    <property name="stderr.encoding" value="UTF-8"/>
    <property name="java.vendor" value="Amazon.com Inc."/>
    <property name="java.vm.version" value="21.0.8+9-LTS"/>
    <property name="sun.io.unicode.encoding" value="UnicodeLittle"/>
    <property name="java.class.version" value="65.0"/>
    <property name="LOGGED_APPLICATION_NAME" value="[dataloaderdemo] "/>
  </properties>
  <testcase name="contextLoads" classname="com.graphql.dataloader.dataloaderdemo.DataloaderdemoApplicationTests" time="0.291">
    <system-out><![CDATA[19:47:22.385 [main] INFO org.springframework.test.context.support.AnnotationConfigContextLoaderUtils -- Could not detect default configuration classes for test class [com.graphql.dataloader.dataloaderdemo.DataloaderdemoApplicationTests]: DataloaderdemoApplicationTests does not declare any static, non-private, non-final, nested classes annotated with @Configuration.
19:47:22.422 [main] INFO org.springframework.boot.test.context.SpringBootTestContextBootstrapper -- Found @SpringBootConfiguration com.graphql.dataloader.dataloaderdemo.DataloaderdemoApplication for test class com.graphql.dataloader.dataloaderdemo.DataloaderdemoApplicationTests
19:47:22.471 [main] INFO org.springframework.boot.devtools.restart.RestartApplicationListener -- Restart disabled due to context in which it is running

  .   ____          _            __ _ _
 /\\ / ___'_ __ _ _(_)_ __  __ _ \ \ \ \
( ( )\___ | '_ | '_| | '_ \/ _` | \ \ \ \
 \\/  ___)| |_)| | | | | || (_| |  ) ) ) )
  '  |____| .__|_| |_|_| |_\__, | / / / /
 =========|_|==============|___/=/_/_/_/

 :: Spring Boot ::       (v4.0.0-SNAPSHOT)

2025-07-21T19:47:22.557-07:00  INFO 11132 --- [dataloaderdemo] [           main] c.g.d.d.DataloaderdemoApplicationTests   : Starting DataloaderdemoApplicationTests using Java 21.0.8 with PID 11132 (started by shane in /home/shane/repo/spring_kickstart/GraphSpringInitializer)
2025-07-21T19:47:22.557-07:00  INFO 11132 --- [dataloaderdemo] [           main] c.g.d.d.DataloaderdemoApplicationTests   : No active profile set, falling back to 1 default profile: "default"
2025-07-21T19:47:22.746-07:00  INFO 11132 --- [dataloaderdemo] [           main] c.g.d.d.DataloaderdemoApplicationTests   : Started DataloaderdemoApplicationTests in 0.277 seconds (process running for 0.615)
]]></system-out>
    <system-err><![CDATA[Mockito is currently self-attaching to enable the inline-mock-maker. This will no longer work in future releases of the JDK. Please add Mockito as an agent to your build as described in Mockito's documentation: https://javadoc.io/doc/org.mockito/mockito-core/latest/org.mockito/org/mockito/Mockito.html#0.3
WARNING: A Java agent has been loaded dynamically (/home/shane/.m2/repository/net/bytebuddy/byte-buddy-agent/1.17.6/byte-buddy-agent-1.17.6.jar)
WARNING: If a serviceability tool is in use, please run with -XX:+EnableDynamicAgentLoading to hide this warning
WARNING: If a serviceability tool is not in use, please run with -Djdk.instrument.traceUsage for more information
WARNING: Dynamic loading of agents will be disallowed by default in a future release
]]></system-err>
  </testcase>
</testsuite>